<?xml version="1.0" encoding="UTF-8"?>
<!-- Generated by org.testng.reporters.JUnitReportReporter -->
<testsuite hostname="INLEN8520068628" failures="0" tests="4" name="cucmberoptions.Changepasswordtestrunner" time="0.008" errors="0" timestamp="10 Jun 2022 05:55:11 GMT">
  <testcase classname="cucmberoptions.Changepasswordtestrunner" name="feature" time="0.002"/>
  <testcase classname="cucmberoptions.Changepasswordtestrunner" name="feature" time="0.001"/>
  <testcase classname="cucmberoptions.Changepasswordtestrunner" name="feature" time="0.000"/>
  <testcase classname="cucmberoptions.Changepasswordtestrunner" name="feature" time="0.005"/>
</testsuite> <!-- cucmberoptions.Changepasswordtestrunner -->
