<?xml version="1.0" encoding="UTF-8"?>
<!-- Generated by org.testng.reporters.JUnitReportReporter -->
<testsuite hostname="INLEN8520068628" failures="0" tests="5" name="cucmberoptions.EditTestRunner" time="0.010" errors="0" timestamp="10 Jun 2022 13:32:11 GMT">
  <testcase classname="cucmberoptions.EditTestRunner" name="feature" time="0.001"/>
  <testcase classname="cucmberoptions.EditTestRunner" name="feature" time="0.000"/>
  <testcase classname="cucmberoptions.EditTestRunner" name="feature" time="0.002"/>
  <testcase classname="cucmberoptions.EditTestRunner" name="feature" time="0.001"/>
  <testcase classname="cucmberoptions.EditTestRunner" name="feature" time="0.006"/>
</testsuite> <!-- cucmberoptions.EditTestRunner -->
