<?xml version="1.0" encoding="UTF-8"?>
<!-- Generated by org.testng.reporters.JUnitReportReporter -->
<testsuite hostname="INLEN8520068628" failures="0" tests="1" name="academy.Validateloginpage" time="3.718" errors="0" timestamp="10 Jun 2022 18:29:48 GMT">
  <testcase classname="academy.Validateloginpage" name="Myloginpage" time="3.718"/>
</testsuite> <!-- academy.Validateloginpage -->
