<?xml version="1.0" encoding="UTF-8"?>
<!-- Generated by org.testng.reporters.JUnitReportReporter -->
<testsuite hostname="INLEN8520068628" failures="0" tests="5" name="cucmberoptions.TestRunner" time="0.010" errors="0" timestamp="10 Jun 2022 13:31:37 GMT">
  <testcase classname="cucmberoptions.TestRunner" name="feature" time="0.001"/>
  <testcase classname="cucmberoptions.TestRunner" name="feature" time="0.001"/>
  <testcase classname="cucmberoptions.TestRunner" name="feature" time="0.003"/>
  <testcase classname="cucmberoptions.TestRunner" name="feature" time="0.000"/>
  <testcase classname="cucmberoptions.TestRunner" name="feature" time="0.005"/>
</testsuite> <!-- cucmberoptions.TestRunner -->
